
> questadmin@0.1.0 build /home/solmon/github/leo/questedu/apps/questadmin
> NODE_TLS_REJECT_UNAUTHORIZED=0 next build

   ▲ Next.js 15.3.3
   - Environments: .env.local

   Creating an optimized production build ...
 ⚠ Compiled with warnings in 4.0s

./app/college/courses/page.tsx
Attempted import error: '@/components/CourseManager' does not contain a default export (imported as 'CourseManager').

Import trace for requested module:
./app/college/courses/page.tsx

./app/college/departments/page.tsx
Attempted import error: '@/components/DepartmentManager' does not contain a default export (imported as 'DepartmentManager').

Import trace for requested module:
./app/college/departments/page.tsx

./app/college/subjects/page.tsx
Attempted import error: '@/components/SubjectManager' does not contain a default export (imported as 'SubjectManager').

Import trace for requested module:
./app/college/subjects/page.tsx

 ✓ Compiled successfully in 7.0s
   Linting and checking validity of types ...
Failed to compile.

./app/api/courses/[id]/route.ts:3:34
Type error: File '/home/solmon/github/leo/questedu/apps/questadmin/data/services/activity-recorder.ts' is not a module.

[0m [90m 1 |[39m [36mimport[39m { [33mCourseRepository[39m } [36mfrom[39m [32m'@/data/repository/course-service'[39m[0m
[0m [90m 2 |[39m [36mimport[39m { [33mUserRepository[39m } [36mfrom[39m [32m'@/data/repository/user-service'[39m[0m
[0m[31m[1m>[22m[39m[90m 3 |[39m [36mimport[39m { [33mActivityRecorder[39m } [36mfrom[39m [32m'@/data/services/activity-recorder'[39m[0m
[0m [90m   |[39m                                  [31m[1m^[22m[39m[0m
[0m [90m 4 |[39m [36mimport[39m { requireCourseAccess } [36mfrom[39m [32m'@/lib/server-auth'[39m[0m
[0m [90m 5 |[39m [36mimport[39m { [33mNextRequest[39m[33m,[39m [33mNextResponse[39m } [36mfrom[39m [32m'next/server'[39m[0m
[0m [90m 6 |[39m[0m
Next.js build worker exited with code: 1 and signal: null
 ELIFECYCLE  Command failed with exit code 1.
